filepickernew/build/intermediates/manifest_merge_blame_file/debug/manifest-merger-blame-debug-report.txt
1<?xml version="1.0" encoding="utf-8"?>
2<manifest xmlns:android="http://schemas.android.com/apk/res/android"
3    xmlns:tools="http://schemas.android.com/tools"
4    package="droidninja.filepicker" >
5
6    <uses-sdk
7        android:minSdkVersion="17"
7-->src/main/AndroidManifest.xml
8        android:targetSdkVersion="29" />
8-->src/main/AndroidManifest.xml
9
10    <uses-permission android:name="android.permission.WRITE_EXTERNAL_STORAGE" />
10-->src/main/AndroidManifest.xml:6:5-81
10-->src/main/AndroidManifest.xml:6:22-78
11    <uses-permission android:name="android.permission.READ_EXTERNAL_STORAGE" />
11-->src/main/AndroidManifest.xml:7:5-80
11-->src/main/AndroidManifest.xml:7:22-77
12
13    <application
13-->src/main/AndroidManifest.xml:9:5-29:19
14        android:allowBackup="true"
14-->src/main/AndroidManifest.xml:10:9-35
15        android:supportsRtl="true"
15-->src/main/AndroidManifest.xml:11:9-35
16        tools:targetApi="q" >
16-->src/main/AndroidManifest.xml:12:9-28
17        <activity
17-->src/main/AndroidManifest.xml:13:9-15:62
18            android:name="droidninja.filepicker.FilePickerActivity"
18-->src/main/AndroidManifest.xml:14:13-47
19            android:configChanges="orientation|screenSize" />
19-->src/main/AndroidManifest.xml:15:13-59
20        <activity
20-->src/main/AndroidManifest.xml:16:9-18:62
21            android:name="droidninja.filepicker.MediaDetailsActivity"
21-->src/main/AndroidManifest.xml:17:13-49
22            android:configChanges="orientation|screenSize" />
22-->src/main/AndroidManifest.xml:18:13-59
23
24        <provider
24-->src/main/AndroidManifest.xml:20:9-28:20
25            android:name="droidninja.filepicker.utils.FilePickerProvider"
25-->src/main/AndroidManifest.xml:21:13-53
26            android:authorities="${applicationId}.droidninja.filepicker.provider"
26-->src/main/AndroidManifest.xml:22:13-82
27            android:exported="false"
27-->src/main/AndroidManifest.xml:23:13-37
28            android:grantUriPermissions="true" >
28-->src/main/AndroidManifest.xml:24:13-47
29            <meta-data
29-->src/main/AndroidManifest.xml:25:13-27:58
30                android:name="android.support.FILE_PROVIDER_PATHS"
30-->src/main/AndroidManifest.xml:26:17-67
31                android:resource="@xml/provider_paths" />
31-->src/main/AndroidManifest.xml:27:17-55
32        </provider>
33    </application>
34
35</manifest>